<?xml version="1.0" encoding="UTF-8"?>
<!-- Generated by org.testng.reporters.JUnitReportReporter -->
<testsuite hostname="LAPTOP-112CTCC4" failures="0" tests="1" name="MavenProject.casestudy.contactMail" time="22.205" errors="0" timestamp="2021-09-26T11:06:11 IST" skipped="0">
  <testcase classname="MavenProject.casestudy.contactMail" name="getcontactmail" time="22.205"/>
  <system-out/>
</testsuite> <!-- MavenProject.casestudy.contactMail -->
