<?xml version="1.0" encoding="UTF-8"?>
<!-- Generated by org.testng.reporters.JUnitReportReporter -->
<testsuite hostname="LAPTOP-112CTCC4" failures="0" tests="1" name="MavenProject.casestudy.decorMirrorPrice" time="19.522" errors="0" timestamp="2021-09-25T15:12:11 IST" skipped="0">
  <testcase classname="MavenProject.casestudy.decorMirrorPrice" name="setPriceLimit" time="19.522"/>
  <system-out/>
</testsuite> <!-- MavenProject.casestudy.decorMirrorPrice -->
