<?xml version="1.0" encoding="UTF-8"?>
<!-- Generated by org.testng.reporters.JUnitReportReporter -->
<testsuite hostname="LAPTOP-112CTCC4" failures="0" tests="1" name="MavenProject.casestudy.CategorywiseMinPrices" time="23.318" errors="0" timestamp="2021-09-25T15:12:11 IST" skipped="0">
  <testcase classname="MavenProject.casestudy.CategorywiseMinPrices" name="getPrices" time="23.318"/>
  <system-out/>
</testsuite> <!-- MavenProject.casestudy.CategorywiseMinPrices -->
