<?xml version="1.0" encoding="UTF-8"?>
<!-- Generated by org.testng.reporters.JUnitReportReporter -->
<testsuite hostname="LAPTOP-112CTCC4" failures="0" tests="1" name="MavenProject.casestudy.checkGuntur" time="20.374" errors="0" timestamp="2021-09-25T15:12:11 IST" skipped="0">
  <testcase classname="MavenProject.casestudy.checkGuntur" name="findGuntur" time="20.374"/>
  <system-out/>
</testsuite> <!-- MavenProject.casestudy.checkGuntur -->
