<?xml version="1.0" encoding="UTF-8"?>
<!-- Generated by org.testng.reporters.JUnitReportReporter -->
<testsuite hostname="LAPTOP-112CTCC4" failures="0" tests="5" name="cucumberoptions.testrunner" time="198.304" errors="0" timestamp="2021-09-26T11:23:02 IST" skipped="0">
  <testcase classname="cucumberoptions.testrunner" name="feature" time="38.326"/>
  <system-out/>
  <testcase classname="cucumberoptions.testrunner" name="feature" time="20.881"/>
  <system-out/>
  <testcase classname="cucumberoptions.testrunner" name="feature" time="32.505"/>
  <system-out/>
  <testcase classname="cucumberoptions.testrunner" name="feature" time="87.988"/>
  <system-out/>
  <testcase classname="cucumberoptions.testrunner" name="feature" time="18.604"/>
  <system-out/>
</testsuite> <!-- cucumberoptions.testrunner -->
